2025-02-15 22:13:11,789 INFO Loaded 13 images.
2025-02-15 22:13:12,128 INFO Successfully calculated 13 homographies.
2025-02-15 22:13:12,130 INFO Solved B matrix:
[[-9.99999247e-01 -6.01824155e-04  3.98479220e-07]
 [-6.01824155e-04 -1.06957281e-03 -2.55044228e-07]
 [ 3.98479220e-07 -2.55044228e-07 -4.25198797e-07]]
2025-02-15 22:13:12,130 INFO Intrinsic Paramters from Matrix B:
             v0 = -0.00023875935966885333,
             lambda = -4.251376871561897e-07,
             alpha = 0.0006520260787140496,
             beta = 0.019940368091116503,
             gamma = -1.2000604220364484e-05,
             u0 = 1.4369117346106108e-07
             
2025-02-15 22:13:12,130 INFO A Matrix (Camera Instrinsics): 
[[ 6.52026079e-04 -1.20006042e-05  1.43691173e-07]
 [ 0.00000000e+00  1.99403681e-02 -2.38759360e-04]
 [ 0.00000000e+00  0.00000000e+00  1.00000000e+00]]
2025-02-15 22:13:47,029 INFO Optimized results:      message: `xtol` termination condition is satisfied.
     success: True
      status: 3
         fun: [ 1.658e+03  1.583e+03 ...  1.226e+03  1.168e+03]
           x: [ 6.520e-04  1.994e-02  1.437e-07 -2.388e-04 -4.284e-20
               -5.938e-13]
        cost: 765829465.3695291
         jac: [[-3.333e+02  2.033e+02 ...  2.445e+05  2.454e+08]
               [-5.728e+02  4.560e+02 ...  8.124e+05  2.388e+08]
               ...
               [-8.599e+03 -5.175e+03 ...  2.205e+07  1.067e+08]
               [-1.012e+04 -8.896e+03 ...  2.662e+07  8.832e+07]]
        grad: [-5.562e+09  4.902e+08 -5.568e+05 -7.747e+05  5.226e+11
                7.286e+13]
  optimality: 72857011422480.58
 active_mask: [0 0 0 0 0 0]
        nfev: 75
        njev: None
